Running AutomationTool...
Parsing command line: -ScriptsForProject="C:/Users/calem/Documents/Unreal Projects/PakUtilities/PakUtilities.uproject" BuildCookRun -project="C:/Users/calem/Documents/Unreal Projects/PakUtilities/PakUtilities.uproject" -noP4 -clientconfig=Development -serverconfig=Development -nocompile -nocompileeditor -installed -ue4exe=UE4Editor-Cmd.exe -utf8output -platform=Win64 -targetplatform=Win64 -build -cook -map= -unversionedcookedcontent -pak -dlcname=TestModule -basedonreleaseversion=1.0 -distribution -compressed -stage -package -cmdline=" -Messaging" -addcmdline="-SessionId=A98D8A074B33C1A4B2C5EB9A07F8DAEA -SessionOwner='calem' -SessionName='Plugin Profile'"
Setting up ProjectParams for C:\Users\calem\Documents\Unreal Projects\PakUtilities\PakUtilities.uproject
********** BUILD COMMAND STARTED **********
Running: D:\Program Files\Epic Games\UE_4.18\Engine\Binaries\DotNET\UnrealBuildTool.exe PakUtilities Win64 Development -Project="C:\Users\calem\Documents\Unreal Projects\PakUtilities\PakUtilities.uproject"  "C:\Users\calem\Documents\Unreal Projects\PakUtilities\PakUtilities.uproject" -NoUBTMakefiles  -remoteini="C:\Users\calem\Documents\Unreal Projects\PakUtilities" -skipdeploy -noxge -generatemanifest -NoHotReload
Took 2.3739391s to run UnrealBuildTool.exe, ExitCode=0
Running: D:\Program Files\Epic Games\UE_4.18\Engine\Binaries\DotNET\UnrealBuildTool.exe PakUtilities Win64 Development -Project="C:\Users\calem\Documents\Unreal Projects\PakUtilities\PakUtilities.uproject"  "C:\Users\calem\Documents\Unreal Projects\PakUtilities\PakUtilities.uproject" -NoUBTMakefiles  -remoteini="C:\Users\calem\Documents\Unreal Projects\PakUtilities" -skipdeploy -noxge -NoHotReload -ignorejunk
  Target is up to date
  Total build time: 25.37 seconds (NoActionsToExecute executor: 0.00 seconds)
Took 25.6050084s to run UnrealBuildTool.exe, ExitCode=0
********** BUILD COMMAND COMPLETED **********
********** COOK COMMAND STARTED **********
Running UE4Editor Cook for project C:\Users\calem\Documents\Unreal Projects\PakUtilities\PakUtilities.uproject
Commandlet log file is D:\Program Files\Epic Games\UE_4.18\Engine\Programs\AutomationTool\Saved\Cook-2017.12.21-13.28.14.txt
Running: D:\Program Files\Epic Games\UE_4.18\Engine\Binaries\Win64\UE4Editor-Cmd.exe "C:\Users\calem\Documents\Unreal Projects\PakUtilities\PakUtilities.uproject" -run=Cook  -NoLogTimes -TargetPlatform=WindowsNoEditor -fileopenlog -unversioned -dlcname=TestModule -errorOnEngineContentUse -basedonreleaseversion=1.0 -abslog="D:\Program Files\Epic Games\UE_4.18\Engine\Programs\AutomationTool\Saved\Cook-2017.12.21-13.28.14.txt" -stdout -CrashForUAT -unattended  -UTF8Output
  LogInit: Display: Running engine for game: PakUtilities
  LogInit: Display: RandInit(-1549302018) SRandInit(-1549302018).
  LogModuleManager: Display: Found up-to-date module file C:/Users/calem/Documents/Unreal Projects/PakUtilities/Binaries/Win64/UE4Editor-PakUtilities.dll (API version 3709383).
  LogModuleManager: Display: Found up-to-date module file ../../../Engine/Plugins/2D/Paper2D/Binaries/Win64/UE4Editor-Paper2D.dll (API version 3709383).
  LogModuleManager: Display: Found up-to-date module file ../../../Engine/Plugins/2D/Paper2D/Binaries/Win64/UE4Editor-Paper2DEditor.dll (API version 3709383).
  LogModuleManager: Display: Found up-to-date module file ../../../Engine/Plugins/2D/Paper2D/Binaries/Win64/UE4Editor-PaperSpriteSheetImporter.dll (API version 3709383).
  LogModuleManager: Display: Found up-to-date module file ../../../Engine/Plugins/2D/Paper2D/Binaries/Win64/UE4Editor-PaperTiledImporter.dll (API version 3709383).
  LogModuleManager: Display: Found up-to-date module file ../../../Engine/Plugins/2D/Paper2D/Binaries/Win64/UE4Editor-SmartSnapping.dll (API version 3709383).
  LogModuleManager: Display: Found up-to-date module file ../../../Engine/Plugins/Blendables/LightPropagationVolume/Binaries/Win64/UE4Editor-LightPropagationVolumeRuntime.dll (API version 3709383).
  LogModuleManager: Display: Found up-to-date module file ../../../Engine/Plugins/Blendables/LightPropagationVolume/Binaries/Win64/UE4Editor-LightPropagationVolumeEditor.dll (API version 3709383).
  LogModuleManager: Display: Found up-to-date module file ../../../Engine/Plugins/Developer/GitSourceControl/Binaries/Win64/UE4Editor-GitSourceControl.dll (API version 3709383).
  LogModuleManager: Display: Found up-to-date module file ../../../Engine/Plugins/Developer/PerforceSourceControl/Binaries/Win64/UE4Editor-PerforceSourceControl.dll (API version 3709383).
  LogModuleManager: Display: Found up-to-date module file ../../../Engine/Plugins/Developer/SubversionSourceControl/Binaries/Win64/UE4Editor-SubversionSourceControl.dll (API version 3709383).
  LogModuleManager: Display: Found up-to-date module file ../../../Engine/Plugins/Developer/UObjectPlugin/Binaries/Win64/UE4Editor-UObjectPlugin.dll (API version 3709383).
  LogModuleManager: Display: Found up-to-date module file ../../../Engine/Plugins/Developer/VisualStudioCodeSourceCodeAccess/Binaries/Win64/UE4Editor-VisualStudioCodeSourceCodeAccess.dll (API version 3709383).
  LogModuleManager: Display: Found up-to-date module file ../../../Engine/Plugins/Developer/VisualStudioSourceCodeAccess/Binaries/Win64/UE4Editor-VisualStudioSourceCodeAccess.dll (API version 3709383).
  LogModuleManager: Display: Found up-to-date module file ../../../Engine/Plugins/Editor/AssetManagerEditor/Binaries/Win64/UE4Editor-AssetManagerEditor.dll (API version 3709383).
  LogModuleManager: Display: Found up-to-date module file ../../../Engine/Plugins/Editor/AudioCapture/Binaries/Win64/UE4Editor-AudioCapture.dll (API version 3709383).
  LogModuleManager: Display: Found up-to-date module file ../../../Engine/Plugins/Editor/FacialAnimation/Binaries/Win64/UE4Editor-FacialAnimation.dll (API version 3709383).
  LogModuleManager: Display: Found up-to-date module file ../../../Engine/Plugins/Editor/FacialAnimation/Binaries/Win64/UE4Editor-FacialAnimationEditor.dll (API version 3709383).
  LogModuleManager: Display: Found up-to-date module file ../../../Engine/Plugins/Editor/GameplayTagsEditor/Binaries/Win64/UE4Editor-GameplayTagsEditor.dll (API version 3709383).
  LogModuleManager: Display: Found up-to-date module file ../../../Engine/Plugins/Editor/MobileLauncherProfileWizard/Binaries/Win64/UE4Editor-MobileLauncherProfileWizard.dll (API version 3709383).
  LogModuleManager: Display: Found up-to-date module file ../../../Engine/Plugins/Editor/PluginBrowser/Binaries/Win64/UE4Editor-PluginBrowser.dll (API version 3709383).
  LogModuleManager: Display: Found up-to-date module file ../../../Engine/Plugins/Editor/SpeedTreeImporter/Binaries/Win64/UE4Editor-SpeedTreeImporter.dll (API version 3709383).
  LogModuleManager: Display: Found up-to-date module file ../../../Engine/Plugins/Experimental/AlembicImporter/Binaries/Win64/UE4Editor-AlembicImporter.dll (API version 3709383).
  LogModuleManager: Display: Found up-to-date module file ../../../Engine/Plugins/Experimental/AlembicImporter/Binaries/Win64/UE4Editor-AlembicLibrary.dll (API version 3709383).
  LogModuleManager: Display: Found up-to-date module file ../../../Engine/Plugins/Experimental/CharacterAI/Binaries/Win64/UE4Editor-CharacterAI.dll (API version 3709383).
  LogModuleManager: Display: Found up-to-date module file ../../../Engine/Plugins/Experimental/HTML5Networking/Binaries/Win64/UE4Editor-HTML5Networking.dll (API version 3709383).
  LogModuleManager: Display: Found up-to-date module file ../../../Engine/Plugins/Media/AndroidMedia/Binaries/Win64/UE4Editor-AndroidMediaEditor.dll (API version 3709383).
  LogModuleManager: Display: Found up-to-date module file ../../../Engine/Plugins/Media/AndroidMedia/Binaries/Win64/UE4Editor-AndroidMediaFactory.dll (API version 3709383).
  LogModuleManager: Display: Found up-to-date module file ../../../Engine/Plugins/Media/AvfMedia/Binaries/Win64/UE4Editor-AvfMediaEditor.dll (API version 3709383).
  LogModuleManager: Display: Found up-to-date module file ../../../Engine/Plugins/Media/AvfMedia/Binaries/Win64/UE4Editor-AvfMediaFactory.dll (API version 3709383).
  LogModuleManager: Display: Found up-to-date module file ../../../Engine/Plugins/Media/AvfMedia/Binaries/Win64/UE4Editor-AvfMediaFactory.dll (API version 3709383).
  LogModuleManager: Display: Found up-to-date module file ../../../Engine/Plugins/Media/ImgMedia/Binaries/Win64/UE4Editor-ImgMedia.dll (API version 3709383).
  LogModuleManager: Display: Found up-to-date module file ../../../Engine/Plugins/Media/ImgMedia/Binaries/Win64/UE4Editor-ImgMediaEditor.dll (API version 3709383).
  LogModuleManager: Display: Found up-to-date module file ../../../Engine/Plugins/Media/ImgMedia/Binaries/Win64/UE4Editor-ImgMediaFactory.dll (API version 3709383).
  LogModuleManager: Display: Found up-to-date module file ../../../Engine/Plugins/Media/ImgMedia/Binaries/Win64/UE4Editor-ImgMediaFactory.dll (API version 3709383).
  LogModuleManager: Display: Found up-to-date module file ../../../Engine/Plugins/Media/ImgMedia/Binaries/Win64/UE4Editor-OpenExrWrapper.dll (API version 3709383).
  LogModuleManager: Display: Found up-to-date module file ../../../Engine/Plugins/Media/MediaCompositing/Binaries/Win64/UE4Editor-MediaCompositing.dll (API version 3709383).
  LogModuleManager: Display: Found up-to-date module file ../../../Engine/Plugins/Media/MediaCompositing/Binaries/Win64/UE4Editor-MediaCompositingEditor.dll (API version 3709383).
  LogModuleManager: Display: Found up-to-date module file ../../../Engine/Plugins/Media/MediaPlayerEditor/Binaries/Win64/UE4Editor-MediaPlayerEditor.dll (API version 3709383).
  LogModuleManager: Display: Found up-to-date module file ../../../Engine/Plugins/Media/WmfMedia/Binaries/Win64/UE4Editor-WmfMedia.dll (API version 3709383).
  LogModuleManager: Display: Found up-to-date module file ../../../Engine/Plugins/Media/WmfMedia/Binaries/Win64/UE4Editor-WmfMediaEditor.dll (API version 3709383).
  LogModuleManager: Display: Found up-to-date module file ../../../Engine/Plugins/Media/WmfMedia/Binaries/Win64/UE4Editor-WmfMediaFactory.dll (API version 3709383).
  LogModuleManager: Display: Found up-to-date module file ../../../Engine/Plugins/Media/WmfMedia/Binaries/Win64/UE4Editor-WmfMediaFactory.dll (API version 3709383).
  LogModuleManager: Display: Found up-to-date module file ../../../Engine/Plugins/Messaging/TcpMessaging/Binaries/Win64/UE4Editor-TcpMessaging.dll (API version 3709383).
  LogModuleManager: Display: Found up-to-date module file ../../../Engine/Plugins/Messaging/UdpMessaging/Binaries/Win64/UE4Editor-UdpMessaging.dll (API version 3709383).
  LogModuleManager: Display: Found up-to-date module file ../../../Engine/Plugins/MovieScene/ActorSequence/Binaries/Win64/UE4Editor-ActorSequence.dll (API version 3709383).
  LogModuleManager: Display: Found up-to-date module file ../../../Engine/Plugins/MovieScene/LevelSequenceEditor/Binaries/Win64/UE4Editor-LevelSequenceEditor.dll (API version 3709383).
  LogModuleManager: Display: Found up-to-date module file ../../../Engine/Plugins/MovieScene/MatineeToLevelSequence/Binaries/Win64/UE4Editor-MatineeToLevelSequence.dll (API version 3709383).
  LogModuleManager: Display: Found up-to-date module file ../../../Engine/Plugins/Online/OnlineSubsystem/Binaries/Win64/UE4Editor-OnlineSubsystem.dll (API version 3709383).
  LogModuleManager: Display: Found up-to-date module file ../../../Engine/Plugins/Online/OnlineSubsystemNull/Binaries/Win64/UE4Editor-OnlineSubsystemNull.dll (API version 3709383).
  LogModuleManager: Display: Found up-to-date module file ../../../Engine/Plugins/Online/OnlineSubsystemUtils/Binaries/Win64/UE4Editor-OnlineSubsystemUtils.dll (API version 3709383).
  LogModuleManager: Display: Found up-to-date module file ../../../Engine/Plugins/Online/OnlineSubsystemUtils/Binaries/Win64/UE4Editor-OnlineBlueprintSupport.dll (API version 3709383).
  LogModuleManager: Display: Found up-to-date module file ../../../Engine/Plugins/Runtime/AndroidDeviceProfileSelector/Binaries/Win64/UE4Editor-AndroidDeviceProfileSelector.dll (API version 3709383).
  LogModuleManager: Display: Found up-to-date module file ../../../Engine/Plugins/Runtime/AndroidPermission/Binaries/Win64/UE4Editor-AndroidPermission.dll (API version 3709383).
  LogModuleManager: Display: Found up-to-date module file ../../../Engine/Plugins/Runtime/AppleARKit/Binaries/Win64/UE4Editor-AppleARKit.dll (API version 3709383).
  LogModuleManager: Display: Found up-to-date module file ../../../Engine/Plugins/Runtime/ArchVisCharacter/Binaries/Win64/UE4Editor-ArchVisCharacter.dll (API version 3709383).
  LogModuleManager: Display: Found up-to-date module file ../../../Engine/Plugins/Runtime/CableComponent/Binaries/Win64/UE4Editor-CableComponent.dll (API version 3709383).
  LogModuleManager: Display: Found up-to-date module file ../../../Engine/Plugins/Runtime/CustomMeshComponent/Binaries/Win64/UE4Editor-CustomMeshComponent.dll (API version 3709383).
  LogModuleManager: Display: Found up-to-date module file ../../../Engine/Plugins/Runtime/ExampleDeviceProfileSelector/Binaries/Win64/UE4Editor-ExampleDeviceProfileSelector.dll (API version 3709383).
  LogModuleManager: Display: Found up-to-date module file ../../../Engine/Plugins/Runtime/ImmediatePhysics/Binaries/Win64/UE4Editor-ImmediatePhysics.dll (API version 3709383).
  LogModuleManager: Display: Found up-to-date module file ../../../Engine/Plugins/Runtime/ImmediatePhysics/Binaries/Win64/UE4Editor-ImmediatePhysicsEditor.dll (API version 3709383).
  LogModuleManager: Display: Found up-to-date module file ../../../Engine/Plugins/Runtime/LocationServicesBPLibrary/Binaries/Win64/UE4Editor-LocationServicesBPLibrary.dll (API version 3709383).
  LogModuleManager: Display: Found up-to-date module file ../../../Engine/Plugins/Runtime/MobilePatchingUtils/Binaries/Win64/UE4Editor-MobilePatchingUtils.dll (API version 3709383).
  LogModuleManager: Display: Found up-to-date module file ../../../Engine/Plugins/Runtime/Oculus/OculusVR/Binaries/Win64/UE4Editor-OculusHMD.dll (API version 3709383).
  LogModuleManager: Display: Found up-to-date module file ../../../Engine/Plugins/Runtime/Oculus/OculusVR/Binaries/Win64/UE4Editor-OculusInput.dll (API version 3709383).
  LogModuleManager: Display: Found up-to-date module file ../../../Engine/Plugins/Runtime/Oculus/OculusVR/Binaries/Win64/UE4Editor-OculusEditor.dll (API version 3709383).
  LogModuleManager: Display: Found up-to-date module file ../../../Engine/Plugins/Runtime/PhysXVehicles/Binaries/Win64/UE4Editor-PhysXVehicles.dll (API version 3709383).
  LogModuleManager: Display: Found up-to-date module file ../../../Engine/Plugins/Runtime/PhysXVehicles/Binaries/Win64/UE4Editor-PhysXVehiclesEditor.dll (API version 3709383).
  LogModuleManager: Display: Found up-to-date module file ../../../Engine/Plugins/Runtime/ProceduralMeshComponent/Binaries/Win64/UE4Editor-ProceduralMeshComponent.dll (API version 3709383).
  LogModuleManager: Display: Found up-to-date module file ../../../Engine/Plugins/Runtime/ProceduralMeshComponent/Binaries/Win64/UE4Editor-ProceduralMeshComponentEditor.dll (API version 3709383).
  LogModuleManager: Display: Found up-to-date module file ../../../Engine/Plugins/Runtime/RuntimePhysXCooking/Binaries/Win64/UE4Editor-RuntimePhysXCooking.dll (API version 3709383).
  LogModuleManager: Display: Found up-to-date module file ../../../Engine/Plugins/Runtime/Steam/SteamVR/Binaries/Win64/UE4Editor-SteamVR.dll (API version 3709383).
  LogModuleManager: Display: Found up-to-date module file ../../../Engine/Plugins/Runtime/Steam/SteamVR/Binaries/Win64/UE4Editor-SteamVRController.dll (API version 3709383).
  LogModuleManager: Display: Found up-to-date module file ../../../Engine/Plugins/Runtime/WindowsMoviePlayer/Binaries/Win64/UE4Editor-WindowsMoviePlayer.dll (API version 3709383).
  LogShaderCompilers: Display: Using Local Shader Compiler.
  LogDerivedDataCache: Display: Max Cache Size: 512 MB
  LogDerivedDataCache: Display: Loaded Boot cache: C:/Users/calem/AppData/Local/UnrealEngine/4.18/DerivedDataCache/Boot.ddc
  LogDerivedDataCache: Display: Pak cache opened for reading ../../../Engine/DerivedDataCache/Compressed.ddp.
  LogTemp: Display: Loaded TP AllDesktopTargetPlatform
  LogTemp: Display: Loaded TP MacClientTargetPlatform
  LogTemp: Display: Loaded TP MacNoEditorTargetPlatform
  LogTemp: Display: Loaded TP MacServerTargetPlatform
  LogTemp: Display: Loaded TP MacTargetPlatform
  LogTemp: Display: Loaded TP WindowsClientTargetPlatform
  LogTemp: Display: Loaded TP WindowsNoEditorTargetPlatform
  LogTemp: Display: Loaded TP WindowsServerTargetPlatform
  LogTemp: Display: Loaded TP WindowsTargetPlatform
  LogTemp: Display: Loaded TP Android_ASTCTargetPlatform
  LogTemp: Display: Loaded TP Android_ATCTargetPlatform
  LogTemp: Display: Loaded TP Android_DXTTargetPlatform
  LogTemp: Display: Loaded TP Android_ETC1TargetPlatform
  LogTemp: Display: Loaded TP Android_ETC2TargetPlatform
  LogTemp: Display: Loaded TP Android_MultiTargetPlatform
  LogTemp: Display: Loaded TP Android_PVRTCTargetPlatform
  LogTemp: Display: Loaded TP AndroidTargetPlatform
  LogTemp: Display: Loaded TP HTML5TargetPlatform
  LogTemp: Display: Loaded TP IOSTargetPlatform
  LogTemp: Display: Loaded TP TVOSTargetPlatform
  LogTemp: Display: Loaded TP LinuxClientTargetPlatform
  LogTemp: Display: Loaded TP LinuxNoEditorTargetPlatform
  LogTemp: Display: Loaded TP LinuxServerTargetPlatform
  LogTemp: Display: Loaded TP LinuxTargetPlatform
  LogTargetPlatformManager: Display: Building Assets For WindowsNoEditor
  LogGameplayTags: Display: UGameplayTagsManager::DoneAddingNativeTags. DelegateIsBound: 0
  LogCook: Display: Max memory allowance for cook 16384mb min free memory 0mb
  LogCook: Display: Mobile HDR setting 1
  LogCook: Display: Creating asset registry
  LogCook: Display: Cooked content cleared for platform WindowsNoEditor
  LogCook: Display: Unable to read previous cook inisettings for platform WindowsNoEditor invalidating cook
  LogCook: Display: Sandbox cleanup took 0.088 seconds for platforms WindowsNoEditor  iterative false
  LogCook: Error: Engine or Game content ../../../Engine/Content/Tutorial/Foliage/Foliage_Intro_Tutorial.uasset is being referenced by DLC!
  LogCook: Error: Engine or Game content ../../../Engine/Content/Tutorial/Landscape/Landscape_Manage_Mode.uasset is being referenced by DLC!
  LogCook: Error: Engine or Game content ../../../Engine/Content/Tutorial/Paper2D/FlipbookEditorTutorial.uasset is being referenced by DLC!
  LogCook: Error: Engine or Game content ../../../Engine/Content/Tutorial/Paper2D/SpriteEditorTutorial.uasset is being referenced by DLC!
  LogCook: Error: Engine or Game content ../../../Engine/Content/Tutorial/SubEditors/PersonaAnimEditorWalkThrough.uasset is being referenced by DLC!
  LogCook: Error: Engine or Game content ../../../Engine/Content/Tutorial/SubEditors/ParticleSystemEditorTutorial.uasset is being referenced by DLC!
  LogCook: Error: Engine or Game content ../../../Engine/Content/Tutorial/SubEditors/MaterialEditorTutorial.uasset is being referenced by DLC!
  LogCook: Error: Engine or Game content ../../../Engine/Content/Tutorial/BlueprintTutorials/LevelBlueprintEditorOverview.uasset is being referenced by DLC!
  LogCook: Error: Engine or Game content ../../../Engine/Content/Tutorial/BlueprintTutorials/BlueprintInterfacesEditorOverview.uasset is being referenced by DLC!
  LogCook: Error: Engine or Game content ../../../Engine/Content/Tutorial/BlueprintTutorials/BlueprintMacroLibrariesEditorOverview.uasset is being referenced by DLC!
  LogCook: Error: Engine or Game content ../../../Engine/Content/Tutorial/BlueprintTutorials/BlueprintEditorTutorial.uasset is being referenced by DLC!
  LogCook: Error: Engine or Game content ../../../Engine/Content/Tutorial/SubEditors/StaticMeshEditorTutorial.uasset is being referenced by DLC!
  LogCook: Error: Engine or Game content ../../../Engine/Plugins/2D/Paper2D/Content/DummySpriteTexture.uasset is being referenced by DLC!
  LogCook: Error: Engine or Game content ../../../Engine/Content/Tutorial/Basics/LevelEditorOverview.uasset is being referenced by DLC!
  LogCook: Error: Engine or Game content ../../../Engine/Content/Tutorial/Basics/LevelEditorAttract.uasset is being referenced by DLC!
  LogCook: Error: Engine or Game content ../../../Engine/Content/VREditor/VREditorAssetContainerData.uasset is being referenced by DLC!
  LogCook: Error: Engine or Game content ../../../Engine/Content/VREditor/ViewportInteractionAssetContainerData.uasset is being referenced by DLC!
  LogAssetRegistryGenerator: Display: Saving asset registry.
  LogAssetRegistryGenerator: Display: Generated asset registry num assets 259, size is 137.01kb
  LogAssetRegistryGenerator: Display: Done saving asset registry.
  LogCook: Display: Cook by the book total time in tick 0.007616s total time 3.684032
  LogCook: Display: Peak Used virtual 700 Peak Used phsical 733
  LogCook: Display: Hierarchy Timer Information:
  LogCook: Display:   Root: 0.000000ms
  LogCook: Display:   StartCookByTheBookTime: 3528.088499ms
  LogCook: Display:     GenerateAssetRegistryTime: 3074.227899ms
  LogCook: Display:     CleanSandboxTime: 88.169310ms
  LogCook: Display:       ProcessingAccessedStrings: 13.597526ms
  LogCook: Display:     CollectFilesToCook: 226.909878ms
  LogCook: Display:       CookModificationDelegate: 5.699458ms
  LogCook: Display:       GetObjectsWithOuter: 0.023339ms
  LogCook: Display:       GeneratePackageNames: 6.533464ms
  LogCook: Display:         UnsolicitedPackageAlreadyCooked: 6.179376ms
  LogCook: Display:         PackageCast: 0.009848ms
  LogCook: Display:         FullGCAssetsContains: 0.002919ms
  LogCook: Display:         AddUnassignedPackageToManifest: 0.000000ms
  LogCook: Display:         GetCachedName: 6.425053ms
  LogCook: Display:         AddToPackageList: 5.089365ms
  LogCook: Display:     GenerateLongPackageName: 0.223180ms
  LogCook: Display:   TickCookOnTheSide: 4.584638ms
  LogCook: Display:     ShouldCook: 0.006201ms
  LogCook: Display:   SavingCurrentIniSettings: 57.589373ms
  LogCook: Display:     ProcessingAccessedStrings: 17.782137ms
  LogCook: Display:   SavingAssetRegistry: 90.223873ms
  LogCook: Display:     RemovingOldManifestEntries: 0.059806ms
  LogCook: Display:     BuildChunkManifest: 51.972330ms
  LogCook: Display:     SaveManifests: 3.553366ms
  LogCook: Display:     SaveRealAssetRegistry: 34.570910ms
  LogCook: Display: IntStats:
  LogCookCommandlet: Display: Misc Cook Stats
  LogCookCommandlet: Display: ===============
  LogCookCommandlet: Display: ShaderCompiler
  LogCookCommandlet: Display:     BlockingTimeSec=0.000000
  LogCookCommandlet: Display:     AsyncCompileTimeSec=0.000000
  LogCookCommandlet: Display:     GlobalBeginCompileShaderTimeSec=0.000000
  LogCookCommandlet: Display:     GlobalBeginCompileShaderCalls=0
  LogCookCommandlet: Display:     ProcessAsyncResultsTimeSec=0.000003
  LogCookCommandlet: Display: GlobalShader.Misc
  LogCookCommandlet: Display:     ShadersCompiled=0
  LogCookCommandlet: Display: MeshMaterial.Misc
  LogCookCommandlet: Display:     ShadersCompiled=0
  LogCookCommandlet: Display: MaterialShader.Misc
  LogCookCommandlet: Display:     ShadersCompiled=0
  LogCookCommandlet: Display: Package.Load
  LogCookCommandlet: Display:     NumPackagesLoaded=111
  LogCookCommandlet: Display:     LoadPackageTimeSec=6.568719
  LogCookCommandlet: Display: Package.Save
  LogCookCommandlet: Display:     NumPackagesSaved=0
  LogCookCommandlet: Display:     SavePackageTimeSec=0.000000
  LogCookCommandlet: Display:     TagPackageExportsPresaveTimeSec=0.000000
  LogCookCommandlet: Display:     TagPackageExportsTimeSec=0.000000
  LogCookCommandlet: Display:     ResetLoadersForSaveTimeSec=0.000000
  LogCookCommandlet: Display:     TagPackageExportsGetObjectsWithOuter=0.000000
  LogCookCommandlet: Display:     TagPackageExportsGetObjectsWithMarks=0.000000
  LogCookCommandlet: Display:     SerializeImportsTimeSec=0.000000
  LogCookCommandlet: Display:     SortExportsSeekfreeInnerTimeSec=0.000000
  LogCookCommandlet: Display:     SerializeExportsTimeSec=0.000000
  LogCookCommandlet: Display:     SerializeBulkDataTimeSec=0.000000
  LogCookCommandlet: Display:     AsyncWriteTimeSec=0.000000
  LogCookCommandlet: Display:     MBWritten=0.000000
  LogCookCommandlet: Display:
  LogCookCommandlet: Display: Cook Profile
  LogCookCommandlet: Display: ============
  LogCookCommandlet: Display:  0.CookWallTimeSec=47.588047
  LogCookCommandlet: Display:  0. 0.StartupWallTimeSec=43.868358
  LogCookCommandlet: Display:  0. 1.CookByTheBookTimeSec=3.699214
  LogCookCommandlet: Display:  0. 1. 0.StartCookByTheBookTimeSec=3.539623
  LogCookCommandlet: Display:  0. 1. 0. 0.GameCookModificationDelegateTimeSec=0.005702
  LogCookCommandlet: Display:  0. 1. 1.TickCookOnTheSideTimeSec=0.158428
  LogCookCommandlet: Display:  0. 1. 1. 0.TickCookOnTheSideLoadPackagesTimeSec=0.000000
  LogCookCommandlet: Display:  0. 1. 1. 1.TickCookOnTheSideSaveCookedPackageTimeSec=0.000000
  LogCookCommandlet: Display:  0. 1. 1. 1. 0.TickCookOnTheSideResolveRedirectorsTimeSec=0.000000
  LogCookCommandlet: Display:  0. 1. 1. 2.TickCookOnTheSideBeginPackageCacheForCookedPlatformDataTimeSec=0.000000
  LogCookCommandlet: Display:  0. 1. 1. 3.TickCookOnTheSideFinishPackageCacheForCookedPlatformDataTimeSec=0.000000
  LogCookCommandlet: Display:  0. 1. 2.TickLoopGCTimeSec=0.000000
  LogCookCommandlet: Display:  0. 1. 3.TickLoopRecompileShaderRequestsTimeSec=0.000002
  LogCookCommandlet: Display:  0. 1. 4.TickLoopShaderProcessAsyncResultsTimeSec=0.000006
  LogCookCommandlet: Display:  0. 1. 5.TickLoopProcessDeferredCommandsTimeSec=0.000033
  LogCookCommandlet: Display:  0. 1. 6.TickLoopTickCommandletStatsTimeSec=0.000000
  LogCookCommandlet: Display:
  LogCookCommandlet: Display: DDC Summary Stats
  LogCookCommandlet: Display: =================
  LogCookCommandlet: Display: TotalGetHits  =       168
  LogCookCommandlet: Display: TotalGets     =       168
  LogCookCommandlet: Display: TotalHitPct   =  1.000000
  LogCookCommandlet: Display: LocalHitPct   =  0.000000
  LogCookCommandlet: Display: SharedHitPct  =  0.000000
  LogCookCommandlet: Display: OtherHitPct   =  1.000000
  LogCookCommandlet: Display: MissPct       =  0.000000
  LogCookCommandlet: Display:
  LogCookCommandlet: Display: DDC Resource Stats
  LogCookCommandlet: Display: =======================================================================================================
  LogCookCommandlet: Display: Asset Type                          Total Time (Sec)  GameThread Time (Sec)  Assets Built  MB Processed
  LogCookCommandlet: Display: ----------------------------------  ----------------  ---------------------  ------------  ------------
  LogCookCommandlet: Display: StaticMesh                                      0.84                   0.84             0          7.15
  LogCookCommandlet: Display: NavCollision                                    0.20                   0.20             0          0.05
  LogCookCommandlet: Display: PhysX (BodySetup)                               0.17                   0.17             0          2.08
  LogCookCommandlet: Display: MaterialShader                                  0.01                   0.01             0          0.39
  LogCookCommandlet: Display: SoundWave                                       0.00                   0.00             0          0.20
  LogInit: Display:
  LogInit: Display: Warning/Error Summary (Unique only)
  LogInit: Display: -----------------------------------
  LogInit: Display: LogCook: Error: Engine or Game content ../../../Engine/Content/Tutorial/Foliage/Foliage_Intro_Tutorial.uasset is being referenced by DLC!
  LogInit: Display: LogCook: Error: Engine or Game content ../../../Engine/Content/Tutorial/Landscape/Landscape_Manage_Mode.uasset is being referenced by DLC!
  LogInit: Display: LogCook: Error: Engine or Game content ../../../Engine/Content/Tutorial/Paper2D/FlipbookEditorTutorial.uasset is being referenced by DLC!
  LogInit: Display: LogCook: Error: Engine or Game content ../../../Engine/Content/Tutorial/Paper2D/SpriteEditorTutorial.uasset is being referenced by DLC!
  LogInit: Display: LogCook: Error: Engine or Game content ../../../Engine/Content/Tutorial/SubEditors/PersonaAnimEditorWalkThrough.uasset is being referenced by DLC!
  LogInit: Display: LogCook: Error: Engine or Game content ../../../Engine/Content/Tutorial/SubEditors/ParticleSystemEditorTutorial.uasset is being referenced by DLC!
  LogInit: Display: LogCook: Error: Engine or Game content ../../../Engine/Content/Tutorial/SubEditors/MaterialEditorTutorial.uasset is being referenced by DLC!
  LogInit: Display: LogCook: Error: Engine or Game content ../../../Engine/Content/Tutorial/BlueprintTutorials/LevelBlueprintEditorOverview.uasset is being referenced by DLC!
  LogInit: Display: LogCook: Error: Engine or Game content ../../../Engine/Content/Tutorial/BlueprintTutorials/BlueprintInterfacesEditorOverview.uasset is being referenced by DLC!
  LogInit: Display: LogCook: Error: Engine or Game content ../../../Engine/Content/Tutorial/BlueprintTutorials/BlueprintMacroLibrariesEditorOverview.uasset is being referenced by DLC!
  LogInit: Display: LogCook: Error: Engine or Game content ../../../Engine/Content/Tutorial/BlueprintTutorials/BlueprintEditorTutorial.uasset is being referenced by DLC!
  LogInit: Display: LogCook: Error: Engine or Game content ../../../Engine/Content/Tutorial/SubEditors/StaticMeshEditorTutorial.uasset is being referenced by DLC!
  LogInit: Display: LogCook: Error: Engine or Game content ../../../Engine/Plugins/2D/Paper2D/Content/DummySpriteTexture.uasset is being referenced by DLC!
  LogInit: Display: LogCook: Error: Engine or Game content ../../../Engine/Content/Tutorial/Basics/LevelEditorOverview.uasset is being referenced by DLC!
  LogInit: Display: LogCook: Error: Engine or Game content ../../../Engine/Content/Tutorial/Basics/LevelEditorAttract.uasset is being referenced by DLC!
  LogInit: Display: LogCook: Error: Engine or Game content ../../../Engine/Content/VREditor/VREditorAssetContainerData.uasset is being referenced by DLC!
  LogInit: Display: LogCook: Error: Engine or Game content ../../../Engine/Content/VREditor/ViewportInteractionAssetContainerData.uasset is being referenced by DLC!
  LogInit: Display:
  LogInit: Display: Failure - 17 error(s), 0 warning(s)
  LogInit: Display:

  Execution of commandlet took:  3.81 seconds
  [OVRPlugin][ERROR] ovr_Create(&session, &luid) failed: ovr_Create: No HMD attached.
  [OVRPlugin][INFO] [CAPI] LibOVR module is located at C:\Program Files\Oculus\Support\oculus-runtime\LibOVRRT64_1.dll
Took 52.8573428s to run UE4Editor-Cmd.exe, ExitCode=1
Cook failed. Deleting cooked data.
ERROR: Cook failed.
       (see C:\Users\calem\AppData\Roaming\Unreal Engine\AutomationTool\Logs\D+Program+Files+Epic+Games+UE_4.18\UAT_Log.txt for full exception trace)
AutomationTool exiting with ExitCode=25 (Error_UnknownCookFailure)
BUILD FAILED

