Running AutomationTool...
Parsing command line: -ScriptsForProject="D:/Unreal Projects/UnrealPakErrorDemoTmp/PakUtilities.uproject" BuildCookRun -project="D:/Unreal Projects/UnrealPakErrorDemoTmp/PakUtilities.uproject" -noP4 -clientconfig=Development -serverconfig=Development -nocompile -nocompileeditor -installed -ue4exe=UE4Editor-Cmd.exe -utf8output -platform=Win64 -targetplatform=Win64 -build -cook -map= -unversionedcookedcontent -pak -dlcname=TestModule -DLCIncludeEngineContent -basedonreleaseversion=1.0 -distribution -compressed -stage -package -cmdline=" -Messaging" -addcmdline="-SessionId=DB59022B41A55B67E33ED19C7053EF2D -SessionOwner='calem' -SessionName='Plugin Profile'"
Setting up ProjectParams for D:\Unreal Projects\UnrealPakErrorDemoTmp\PakUtilities.uproject
********** BUILD COMMAND STARTED **********
Running: D:\Program Files\Epic Games\UE_4.18\Engine\Binaries\DotNET\UnrealBuildTool.exe PakUtilities Win64 Development -Project="D:\Unreal Projects\UnrealPakErrorDemoTmp\PakUtilities.uproject"  "D:\Unreal Projects\UnrealPakErrorDemoTmp\PakUtilities.uproject" -NoUBTMakefiles  -remoteini="D:\Unreal Projects\UnrealPakErrorDemoTmp" -skipdeploy -noxge -generatemanifest -NoHotReload
  Using 'git status' to determine working set for adaptive non-unity build.
Took 1.524572s to run UnrealBuildTool.exe, ExitCode=0
Running: D:\Program Files\Epic Games\UE_4.18\Engine\Binaries\DotNET\UnrealBuildTool.exe PakUtilities Win64 Development -Project="D:\Unreal Projects\UnrealPakErrorDemoTmp\PakUtilities.uproject"  "D:\Unreal Projects\UnrealPakErrorDemoTmp\PakUtilities.uproject" -NoUBTMakefiles  -remoteini="D:\Unreal Projects\UnrealPakErrorDemoTmp" -skipdeploy -noxge -NoHotReload -ignorejunk
  Using 'git status' to determine working set for adaptive non-unity build.
  Parsing headers for PakUtilities
    Running UnrealHeaderTool "D:\Unreal Projects\UnrealPakErrorDemoTmp\PakUtilities.uproject" "D:\Unreal Projects\UnrealPakErrorDemoTmp\Intermediate\Build\Win64\PakUtilities\Development\PakUtilities.uhtmanifest" -LogCmds="loginit warning, logexit warning, logdatabase error" -Unattended -WarningsAsErrors -installed
  Reflection code generated for PakUtilities in 6.9653623 seconds
  Performing 9 actions (4 in parallel)
  [3/9] Resource PCLaunch.rc
  PCH.UELinkerFixups.cpp
  SharedPCH.Engine.cpp
  UELinkerFixups.cpp
  PakUtilities.init.gen.cpp
  PakUtilitiesGameModeBase.gen.cpp
  PakUtilities.cpp
  PakUtilitiesGameModeBase.cpp
  [9/9] Link PakUtilities.exe
     Creating library D:\Unreal Projects\UnrealPakErrorDemoTmp\Binaries\Win64\PakUtilities.lib and object D:\Unreal Projects\UnrealPakErrorDemoTmp\Binaries\Win64\PakUtilities.exp
  Total build time: 139.72 seconds (Local executor: 105.28 seconds)
Took 139.9868681s to run UnrealBuildTool.exe, ExitCode=0
********** BUILD COMMAND COMPLETED **********
********** COOK COMMAND STARTED **********
Running UE4Editor Cook for project D:\Unreal Projects\UnrealPakErrorDemoTmp\PakUtilities.uproject
Commandlet log file is D:\Program Files\Epic Games\UE_4.18\Engine\Programs\AutomationTool\Saved\Cook-2017.12.21-13.39.33.txt
Running: D:\Program Files\Epic Games\UE_4.18\Engine\Binaries\Win64\UE4Editor-Cmd.exe "D:\Unreal Projects\UnrealPakErrorDemoTmp\PakUtilities.uproject" -run=Cook  -NoLogTimes -TargetPlatform=WindowsNoEditor -fileopenlog -unversioned -dlcname=TestModule -basedonreleaseversion=1.0 -abslog="D:\Program Files\Epic Games\UE_4.18\Engine\Programs\AutomationTool\Saved\Cook-2017.12.21-13.39.33.txt" -stdout -CrashForUAT -unattended  -UTF8Output
  LogInit: Display: Running engine for game: PakUtilities
  LogInit: Display: RandInit(314895685) SRandInit(314895685).
  LogModuleManager: Display: Found up-to-date module file ../../../../../../Unreal Projects/UnrealPakErrorDemoTmp/Binaries/Win64/UE4Editor-PakUtilities.dll (API version 3709383).
  LogModuleManager: Display: Found up-to-date module file ../../../Engine/Plugins/2D/Paper2D/Binaries/Win64/UE4Editor-Paper2D.dll (API version 3709383).
  LogModuleManager: Display: Found up-to-date module file ../../../Engine/Plugins/2D/Paper2D/Binaries/Win64/UE4Editor-Paper2DEditor.dll (API version 3709383).
  LogModuleManager: Display: Found up-to-date module file ../../../Engine/Plugins/2D/Paper2D/Binaries/Win64/UE4Editor-PaperSpriteSheetImporter.dll (API version 3709383).
  LogModuleManager: Display: Found up-to-date module file ../../../Engine/Plugins/2D/Paper2D/Binaries/Win64/UE4Editor-PaperTiledImporter.dll (API version 3709383).
  LogModuleManager: Display: Found up-to-date module file ../../../Engine/Plugins/2D/Paper2D/Binaries/Win64/UE4Editor-SmartSnapping.dll (API version 3709383).
  LogModuleManager: Display: Found up-to-date module file ../../../Engine/Plugins/Blendables/LightPropagationVolume/Binaries/Win64/UE4Editor-LightPropagationVolumeRuntime.dll (API version 3709383).
  LogModuleManager: Display: Found up-to-date module file ../../../Engine/Plugins/Blendables/LightPropagationVolume/Binaries/Win64/UE4Editor-LightPropagationVolumeEditor.dll (API version 3709383).
  LogModuleManager: Display: Found up-to-date module file ../../../Engine/Plugins/Developer/GitSourceControl/Binaries/Win64/UE4Editor-GitSourceControl.dll (API version 3709383).
  LogModuleManager: Display: Found up-to-date module file ../../../Engine/Plugins/Developer/PerforceSourceControl/Binaries/Win64/UE4Editor-PerforceSourceControl.dll (API version 3709383).
  LogModuleManager: Display: Found up-to-date module file ../../../Engine/Plugins/Developer/SubversionSourceControl/Binaries/Win64/UE4Editor-SubversionSourceControl.dll (API version 3709383).
  LogModuleManager: Display: Found up-to-date module file ../../../Engine/Plugins/Developer/UObjectPlugin/Binaries/Win64/UE4Editor-UObjectPlugin.dll (API version 3709383).
  LogModuleManager: Display: Found up-to-date module file ../../../Engine/Plugins/Developer/VisualStudioCodeSourceCodeAccess/Binaries/Win64/UE4Editor-VisualStudioCodeSourceCodeAccess.dll (API version 3709383).
  LogModuleManager: Display: Found up-to-date module file ../../../Engine/Plugins/Developer/VisualStudioSourceCodeAccess/Binaries/Win64/UE4Editor-VisualStudioSourceCodeAccess.dll (API version 3709383).
  LogModuleManager: Display: Found up-to-date module file ../../../Engine/Plugins/Editor/AssetManagerEditor/Binaries/Win64/UE4Editor-AssetManagerEditor.dll (API version 3709383).
  LogModuleManager: Display: Found up-to-date module file ../../../Engine/Plugins/Editor/AudioCapture/Binaries/Win64/UE4Editor-AudioCapture.dll (API version 3709383).
  LogModuleManager: Display: Found up-to-date module file ../../../Engine/Plugins/Editor/FacialAnimation/Binaries/Win64/UE4Editor-FacialAnimation.dll (API version 3709383).
  LogModuleManager: Display: Found up-to-date module file ../../../Engine/Plugins/Editor/FacialAnimation/Binaries/Win64/UE4Editor-FacialAnimationEditor.dll (API version 3709383).
  LogModuleManager: Display: Found up-to-date module file ../../../Engine/Plugins/Editor/GameplayTagsEditor/Binaries/Win64/UE4Editor-GameplayTagsEditor.dll (API version 3709383).
  LogModuleManager: Display: Found up-to-date module file ../../../Engine/Plugins/Editor/MobileLauncherProfileWizard/Binaries/Win64/UE4Editor-MobileLauncherProfileWizard.dll (API version 3709383).
  LogModuleManager: Display: Found up-to-date module file ../../../Engine/Plugins/Editor/PluginBrowser/Binaries/Win64/UE4Editor-PluginBrowser.dll (API version 3709383).
  LogModuleManager: Display: Found up-to-date module file ../../../Engine/Plugins/Editor/SpeedTreeImporter/Binaries/Win64/UE4Editor-SpeedTreeImporter.dll (API version 3709383).
  LogModuleManager: Display: Found up-to-date module file ../../../Engine/Plugins/Experimental/AlembicImporter/Binaries/Win64/UE4Editor-AlembicImporter.dll (API version 3709383).
  LogModuleManager: Display: Found up-to-date module file ../../../Engine/Plugins/Experimental/AlembicImporter/Binaries/Win64/UE4Editor-AlembicLibrary.dll (API version 3709383).
  LogModuleManager: Display: Found up-to-date module file ../../../Engine/Plugins/Experimental/CharacterAI/Binaries/Win64/UE4Editor-CharacterAI.dll (API version 3709383).
  LogModuleManager: Display: Found up-to-date module file ../../../Engine/Plugins/Experimental/HTML5Networking/Binaries/Win64/UE4Editor-HTML5Networking.dll (API version 3709383).
  LogModuleManager: Display: Found up-to-date module file ../../../Engine/Plugins/Media/AndroidMedia/Binaries/Win64/UE4Editor-AndroidMediaEditor.dll (API version 3709383).
  LogModuleManager: Display: Found up-to-date module file ../../../Engine/Plugins/Media/AndroidMedia/Binaries/Win64/UE4Editor-AndroidMediaFactory.dll (API version 3709383).
  LogModuleManager: Display: Found up-to-date module file ../../../Engine/Plugins/Media/AvfMedia/Binaries/Win64/UE4Editor-AvfMediaEditor.dll (API version 3709383).
  LogModuleManager: Display: Found up-to-date module file ../../../Engine/Plugins/Media/AvfMedia/Binaries/Win64/UE4Editor-AvfMediaFactory.dll (API version 3709383).
  LogModuleManager: Display: Found up-to-date module file ../../../Engine/Plugins/Media/AvfMedia/Binaries/Win64/UE4Editor-AvfMediaFactory.dll (API version 3709383).
  LogModuleManager: Display: Found up-to-date module file ../../../Engine/Plugins/Media/ImgMedia/Binaries/Win64/UE4Editor-ImgMedia.dll (API version 3709383).
  LogModuleManager: Display: Found up-to-date module file ../../../Engine/Plugins/Media/ImgMedia/Binaries/Win64/UE4Editor-ImgMediaEditor.dll (API version 3709383).
  LogModuleManager: Display: Found up-to-date module file ../../../Engine/Plugins/Media/ImgMedia/Binaries/Win64/UE4Editor-ImgMediaFactory.dll (API version 3709383).
  LogModuleManager: Display: Found up-to-date module file ../../../Engine/Plugins/Media/ImgMedia/Binaries/Win64/UE4Editor-ImgMediaFactory.dll (API version 3709383).
  LogModuleManager: Display: Found up-to-date module file ../../../Engine/Plugins/Media/ImgMedia/Binaries/Win64/UE4Editor-OpenExrWrapper.dll (API version 3709383).
  LogModuleManager: Display: Found up-to-date module file ../../../Engine/Plugins/Media/MediaCompositing/Binaries/Win64/UE4Editor-MediaCompositing.dll (API version 3709383).
  LogModuleManager: Display: Found up-to-date module file ../../../Engine/Plugins/Media/MediaCompositing/Binaries/Win64/UE4Editor-MediaCompositingEditor.dll (API version 3709383).
  LogModuleManager: Display: Found up-to-date module file ../../../Engine/Plugins/Media/MediaPlayerEditor/Binaries/Win64/UE4Editor-MediaPlayerEditor.dll (API version 3709383).
  LogModuleManager: Display: Found up-to-date module file ../../../Engine/Plugins/Media/WmfMedia/Binaries/Win64/UE4Editor-WmfMedia.dll (API version 3709383).
  LogModuleManager: Display: Found up-to-date module file ../../../Engine/Plugins/Media/WmfMedia/Binaries/Win64/UE4Editor-WmfMediaEditor.dll (API version 3709383).
  LogModuleManager: Display: Found up-to-date module file ../../../Engine/Plugins/Media/WmfMedia/Binaries/Win64/UE4Editor-WmfMediaFactory.dll (API version 3709383).
  LogModuleManager: Display: Found up-to-date module file ../../../Engine/Plugins/Media/WmfMedia/Binaries/Win64/UE4Editor-WmfMediaFactory.dll (API version 3709383).
  LogModuleManager: Display: Found up-to-date module file ../../../Engine/Plugins/Messaging/TcpMessaging/Binaries/Win64/UE4Editor-TcpMessaging.dll (API version 3709383).
  LogModuleManager: Display: Found up-to-date module file ../../../Engine/Plugins/Messaging/UdpMessaging/Binaries/Win64/UE4Editor-UdpMessaging.dll (API version 3709383).
  LogModuleManager: Display: Found up-to-date module file ../../../Engine/Plugins/MovieScene/ActorSequence/Binaries/Win64/UE4Editor-ActorSequence.dll (API version 3709383).
  LogModuleManager: Display: Found up-to-date module file ../../../Engine/Plugins/MovieScene/LevelSequenceEditor/Binaries/Win64/UE4Editor-LevelSequenceEditor.dll (API version 3709383).
  LogModuleManager: Display: Found up-to-date module file ../../../Engine/Plugins/MovieScene/MatineeToLevelSequence/Binaries/Win64/UE4Editor-MatineeToLevelSequence.dll (API version 3709383).
  LogModuleManager: Display: Found up-to-date module file ../../../Engine/Plugins/Online/OnlineSubsystem/Binaries/Win64/UE4Editor-OnlineSubsystem.dll (API version 3709383).
  LogModuleManager: Display: Found up-to-date module file ../../../Engine/Plugins/Online/OnlineSubsystemNull/Binaries/Win64/UE4Editor-OnlineSubsystemNull.dll (API version 3709383).
  LogModuleManager: Display: Found up-to-date module file ../../../Engine/Plugins/Online/OnlineSubsystemUtils/Binaries/Win64/UE4Editor-OnlineSubsystemUtils.dll (API version 3709383).
  LogModuleManager: Display: Found up-to-date module file ../../../Engine/Plugins/Online/OnlineSubsystemUtils/Binaries/Win64/UE4Editor-OnlineBlueprintSupport.dll (API version 3709383).
  LogModuleManager: Display: Found up-to-date module file ../../../Engine/Plugins/Runtime/AndroidDeviceProfileSelector/Binaries/Win64/UE4Editor-AndroidDeviceProfileSelector.dll (API version 3709383).
  LogModuleManager: Display: Found up-to-date module file ../../../Engine/Plugins/Runtime/AndroidPermission/Binaries/Win64/UE4Editor-AndroidPermission.dll (API version 3709383).
  LogModuleManager: Display: Found up-to-date module file ../../../Engine/Plugins/Runtime/AppleARKit/Binaries/Win64/UE4Editor-AppleARKit.dll (API version 3709383).
  LogModuleManager: Display: Found up-to-date module file ../../../Engine/Plugins/Runtime/ArchVisCharacter/Binaries/Win64/UE4Editor-ArchVisCharacter.dll (API version 3709383).
  LogModuleManager: Display: Found up-to-date module file ../../../Engine/Plugins/Runtime/CableComponent/Binaries/Win64/UE4Editor-CableComponent.dll (API version 3709383).
  LogModuleManager: Display: Found up-to-date module file ../../../Engine/Plugins/Runtime/CustomMeshComponent/Binaries/Win64/UE4Editor-CustomMeshComponent.dll (API version 3709383).
  LogModuleManager: Display: Found up-to-date module file ../../../Engine/Plugins/Runtime/ExampleDeviceProfileSelector/Binaries/Win64/UE4Editor-ExampleDeviceProfileSelector.dll (API version 3709383).
  LogModuleManager: Display: Found up-to-date module file ../../../Engine/Plugins/Runtime/ImmediatePhysics/Binaries/Win64/UE4Editor-ImmediatePhysics.dll (API version 3709383).
  LogModuleManager: Display: Found up-to-date module file ../../../Engine/Plugins/Runtime/ImmediatePhysics/Binaries/Win64/UE4Editor-ImmediatePhysicsEditor.dll (API version 3709383).
  LogModuleManager: Display: Found up-to-date module file ../../../Engine/Plugins/Runtime/LocationServicesBPLibrary/Binaries/Win64/UE4Editor-LocationServicesBPLibrary.dll (API version 3709383).
  LogModuleManager: Display: Found up-to-date module file ../../../Engine/Plugins/Runtime/MobilePatchingUtils/Binaries/Win64/UE4Editor-MobilePatchingUtils.dll (API version 3709383).
  LogModuleManager: Display: Found up-to-date module file ../../../Engine/Plugins/Runtime/Oculus/OculusVR/Binaries/Win64/UE4Editor-OculusHMD.dll (API version 3709383).
  LogModuleManager: Display: Found up-to-date module file ../../../Engine/Plugins/Runtime/Oculus/OculusVR/Binaries/Win64/UE4Editor-OculusInput.dll (API version 3709383).
  LogModuleManager: Display: Found up-to-date module file ../../../Engine/Plugins/Runtime/Oculus/OculusVR/Binaries/Win64/UE4Editor-OculusEditor.dll (API version 3709383).
  LogModuleManager: Display: Found up-to-date module file ../../../Engine/Plugins/Runtime/PhysXVehicles/Binaries/Win64/UE4Editor-PhysXVehicles.dll (API version 3709383).
  LogModuleManager: Display: Found up-to-date module file ../../../Engine/Plugins/Runtime/PhysXVehicles/Binaries/Win64/UE4Editor-PhysXVehiclesEditor.dll (API version 3709383).
  LogModuleManager: Display: Found up-to-date module file ../../../Engine/Plugins/Runtime/ProceduralMeshComponent/Binaries/Win64/UE4Editor-ProceduralMeshComponent.dll (API version 3709383).
  LogModuleManager: Display: Found up-to-date module file ../../../Engine/Plugins/Runtime/ProceduralMeshComponent/Binaries/Win64/UE4Editor-ProceduralMeshComponentEditor.dll (API version 3709383).
  LogModuleManager: Display: Found up-to-date module file ../../../Engine/Plugins/Runtime/RuntimePhysXCooking/Binaries/Win64/UE4Editor-RuntimePhysXCooking.dll (API version 3709383).
  LogModuleManager: Display: Found up-to-date module file ../../../Engine/Plugins/Runtime/Steam/SteamVR/Binaries/Win64/UE4Editor-SteamVR.dll (API version 3709383).
  LogModuleManager: Display: Found up-to-date module file ../../../Engine/Plugins/Runtime/Steam/SteamVR/Binaries/Win64/UE4Editor-SteamVRController.dll (API version 3709383).
  LogModuleManager: Display: Found up-to-date module file ../../../Engine/Plugins/Runtime/WindowsMoviePlayer/Binaries/Win64/UE4Editor-WindowsMoviePlayer.dll (API version 3709383).
  LogShaderCompilers: Display: Using Local Shader Compiler.
  LogDerivedDataCache: Display: Max Cache Size: 512 MB
  LogDerivedDataCache: Display: Loaded Boot cache: C:/Users/calem/AppData/Local/UnrealEngine/4.18/DerivedDataCache/Boot.ddc
  LogDerivedDataCache: Display: Pak cache opened for reading ../../../Engine/DerivedDataCache/Compressed.ddp.
  LogTemp: Display: Loaded TP AllDesktopTargetPlatform
  LogTemp: Display: Loaded TP MacClientTargetPlatform
  LogTemp: Display: Loaded TP MacNoEditorTargetPlatform
  LogTemp: Display: Loaded TP MacServerTargetPlatform
  LogTemp: Display: Loaded TP MacTargetPlatform
  LogTemp: Display: Loaded TP WindowsClientTargetPlatform
  LogTemp: Display: Loaded TP WindowsNoEditorTargetPlatform
  LogTemp: Display: Loaded TP WindowsServerTargetPlatform
  LogTemp: Display: Loaded TP WindowsTargetPlatform
  LogTemp: Display: Loaded TP Android_ASTCTargetPlatform
  LogTemp: Display: Loaded TP Android_ATCTargetPlatform
  LogTemp: Display: Loaded TP Android_DXTTargetPlatform
  LogTemp: Display: Loaded TP Android_ETC1TargetPlatform
  LogTemp: Display: Loaded TP Android_ETC2TargetPlatform
  LogTemp: Display: Loaded TP Android_MultiTargetPlatform
  LogTemp: Display: Loaded TP Android_PVRTCTargetPlatform
  LogTemp: Display: Loaded TP AndroidTargetPlatform
  LogTemp: Display: Loaded TP HTML5TargetPlatform
  LogTemp: Display: Loaded TP IOSTargetPlatform
  LogTemp: Display: Loaded TP TVOSTargetPlatform
  LogTemp: Display: Loaded TP LinuxClientTargetPlatform
  LogTemp: Display: Loaded TP LinuxNoEditorTargetPlatform
  LogTemp: Display: Loaded TP LinuxServerTargetPlatform
  LogTemp: Display: Loaded TP LinuxTargetPlatform
  LogTargetPlatformManager: Display: Building Assets For WindowsNoEditor
  LogGameplayTags: Display: UGameplayTagsManager::DoneAddingNativeTags. DelegateIsBound: 0
  LogCook: Display: Max memory allowance for cook 16384mb min free memory 0mb
  LogCook: Display: Mobile HDR setting 1
  LogCook: Display: Creating asset registry
  LogCook: Display: Cooked content cleared for platform WindowsNoEditor
  LogCook: Display: Unable to read previous cook inisettings for platform WindowsNoEditor invalidating cook
  LogCook: Display: Sandbox cleanup took 0.107 seconds for platforms WindowsNoEditor  iterative false
  LogCook: Display: Cooking /Engine/Tutorial/Foliage/Foliage_Intro_Tutorial -> D:/Unreal Projects/UnrealPakErrorDemoTmp/Plugins/TestModule/Saved/Cooked/WindowsNoEditor/Engine/Content/Tutorial/Foliage/Foliage_Intro_Tutorial.uasset
  LogSavePackage: Display: No exports found (or all exports are editor-only) for Foliage_Intro_Tutorial. Package will not be saved.
  LogCook: Display: Cooking /Engine/VREditor/ViewportInteractionAssetContainerData -> D:/Unreal Projects/UnrealPakErrorDemoTmp/Plugins/TestModule/Saved/Cooked/WindowsNoEditor/Engine/Content/VREditor/ViewportInteractionAssetContainerData.uasset
  LogSavePackage: Display: No exports found (or all exports are editor-only) for ViewportInteractionAssetContainerData. Package will not be saved.
  LogCook: Display: Cooking /Engine/VREditor/VREditorAssetContainerData -> D:/Unreal Projects/UnrealPakErrorDemoTmp/Plugins/TestModule/Saved/Cooked/WindowsNoEditor/Engine/Content/VREditor/VREditorAssetContainerData.uasset
  LogSavePackage: Display: No exports found (or all exports are editor-only) for VREditorAssetContainerData. Package will not be saved.
  LogCook: Display: Cooking /Engine/Tutorial/Basics/LevelEditorAttract -> D:/Unreal Projects/UnrealPakErrorDemoTmp/Plugins/TestModule/Saved/Cooked/WindowsNoEditor/Engine/Content/Tutorial/Basics/LevelEditorAttract.uasset
  LogSavePackage: Display: No exports found (or all exports are editor-only) for LevelEditorAttract. Package will not be saved.
  LogCook: Display: Cooking /Engine/Tutorial/Basics/LevelEditorOverview -> D:/Unreal Projects/UnrealPakErrorDemoTmp/Plugins/TestModule/Saved/Cooked/WindowsNoEditor/Engine/Content/Tutorial/Basics/LevelEditorOverview.uasset
  LogSavePackage: Display: No exports found (or all exports are editor-only) for LevelEditorOverview. Package will not be saved.
  LogCook: Display: Cooking /Paper2D/DummySpriteTexture -> D:/Unreal Projects/UnrealPakErrorDemoTmp/Plugins/TestModule/Saved/Cooked/WindowsNoEditor/Engine/Plugins/2D/Paper2D/Content/DummySpriteTexture.uasset
  LogSavePackage: Display: No exports found (or all exports are editor-only) for DummySpriteTexture. Package will not be saved.
  LogCook: Display: Cooking /Engine/Tutorial/Foliage/Foliage_Using_The_Tool_Tutorial -> D:/Unreal Projects/UnrealPakErrorDemoTmp/Plugins/TestModule/Saved/Cooked/WindowsNoEditor/Engine/Content/Tutorial/Foliage/Foliage_Using_The_Tool_Tutorial.uasset
  LogSavePackage: Display: No exports found (or all exports are editor-only) for Foliage_Using_The_Tool_Tutorial. Package will not be saved.
  LogCook: Display: Cooking /Engine/Tutorial/Foliage/Foliage_Settings_Tutorial -> D:/Unreal Projects/UnrealPakErrorDemoTmp/Plugins/TestModule/Saved/Cooked/WindowsNoEditor/Engine/Content/Tutorial/Foliage/Foliage_Settings_Tutorial.uasset
  LogSavePackage: Display: No exports found (or all exports are editor-only) for Foliage_Settings_Tutorial. Package will not be saved.
  LogCook: Display: Cooking /Engine/Tutorial/Paper2D/SpriteEditorTutorial -> D:/Unreal Projects/UnrealPakErrorDemoTmp/Plugins/TestModule/Saved/Cooked/WindowsNoEditor/Engine/Content/Tutorial/Paper2D/SpriteEditorTutorial.uasset
  LogSavePackage: Display: No exports found (or all exports are editor-only) for SpriteEditorTutorial. Package will not be saved.
  LogCook: Display: Cooking /Engine/Tutorial/SubEditors/PersonaAnimEditorWalkthrough -> D:/Unreal Projects/UnrealPakErrorDemoTmp/Plugins/TestModule/Saved/Cooked/WindowsNoEditor/Engine/Content/Tutorial/SubEditors/PersonaAnimEditorWalkThrough.uasset
  LogSavePackage: Display: No exports found (or all exports are editor-only) for PersonaAnimEditorWalkThrough. Package will not be saved.
  LogCook: Display: Cooking /Engine/Tutorial/SubEditors/MaterialEditorTutorial -> D:/Unreal Projects/UnrealPakErrorDemoTmp/Plugins/TestModule/Saved/Cooked/WindowsNoEditor/Engine/Content/Tutorial/SubEditors/MaterialEditorTutorial.uasset
  LogSavePackage: Display: No exports found (or all exports are editor-only) for MaterialEditorTutorial. Package will not be saved.
  LogCook: Display: Cooking /Engine/Tutorial/BlueprintTutorials/BlueprintInterfacesEditorOverview -> D:/Unreal Projects/UnrealPakErrorDemoTmp/Plugins/TestModule/Saved/Cooked/WindowsNoEditor/Engine/Content/Tutorial/BlueprintTutorials/BlueprintInterfacesEditorOverview.uasset
  LogSavePackage: Display: No exports found (or all exports are editor-only) for BlueprintInterfacesEditorOverview. Package will not be saved.
  LogCook: Display: Cooking /Engine/Tutorial/BlueprintTutorials/BlueprintEditorTutorial -> D:/Unreal Projects/UnrealPakErrorDemoTmp/Plugins/TestModule/Saved/Cooked/WindowsNoEditor/Engine/Content/Tutorial/BlueprintTutorials/BlueprintEditorTutorial.uasset
  LogSavePackage: Display: No exports found (or all exports are editor-only) for BlueprintEditorTutorial. Package will not be saved.
  LogCook: Display: Cooking /Engine/Tutorial/SubEditors/StaticMeshEditorTutorial -> D:/Unreal Projects/UnrealPakErrorDemoTmp/Plugins/TestModule/Saved/Cooked/WindowsNoEditor/Engine/Content/Tutorial/SubEditors/StaticMeshEditorTutorial.uasset
  LogSavePackage: Display: No exports found (or all exports are editor-only) for StaticMeshEditorTutorial. Package will not be saved.
  LogCook: Display: Cooking /Engine/EditorMeshes/ColorCalibrator/SM_ColorCalibrator -> D:/Unreal Projects/UnrealPakErrorDemoTmp/Plugins/TestModule/Saved/Cooked/WindowsNoEditor/Engine/Content/EditorMeshes/ColorCalibrator/SM_ColorCalibrator.uasset
  LogSavePackage: Display: Finished SavePackage D:/Unreal Projects/UnrealPakErrorDemoTmp/Plugins/TestModule/Saved/Cooked/WindowsNoEditor/Engine/Content/EditorMeshes/ColorCalibrator/SM_ColorCalibrator.uasset
  LogCook: Display: Cooking /Engine/EditorMeshes/ColorCalibrator/M_ChromeBall -> D:/Unreal Projects/UnrealPakErrorDemoTmp/Plugins/TestModule/Saved/Cooked/WindowsNoEditor/Engine/Content/EditorMeshes/ColorCalibrator/M_ChromeBall.uasset
  LogSavePackage: Display: Finished SavePackage D:/Unreal Projects/UnrealPakErrorDemoTmp/Plugins/TestModule/Saved/Cooked/WindowsNoEditor/Engine/Content/EditorMeshes/ColorCalibrator/M_ChromeBall.uasset
  LogCook: Display: Cooking /Engine/EditorMeshes/ColorCalibrator/M_ClearCoat -> D:/Unreal Projects/UnrealPakErrorDemoTmp/Plugins/TestModule/Saved/Cooked/WindowsNoEditor/Engine/Content/EditorMeshes/ColorCalibrator/M_ClearCoat.uasset
  LogSavePackage: Display: Finished SavePackage D:/Unreal Projects/UnrealPakErrorDemoTmp/Plugins/TestModule/Saved/Cooked/WindowsNoEditor/Engine/Content/EditorMeshes/ColorCalibrator/M_ClearCoat.uasset
  LogCook: Display: Cooking /Engine/EditorMeshes/ColorCalibrator/M_ClearCoatBlack -> D:/Unreal Projects/UnrealPakErrorDemoTmp/Plugins/TestModule/Saved/Cooked/WindowsNoEditor/Engine/Content/EditorMeshes/ColorCalibrator/M_ClearCoatBlack.uasset
  LogSavePackage: Display: Finished SavePackage D:/Unreal Projects/UnrealPakErrorDemoTmp/Plugins/TestModule/Saved/Cooked/WindowsNoEditor/Engine/Content/EditorMeshes/ColorCalibrator/M_ClearCoatBlack.uasset
  LogCook: Display: Cooking /Engine/EditorMeshes/ColorCalibrator/M_ColorGrid -> D:/Unreal Projects/UnrealPakErrorDemoTmp/Plugins/TestModule/Saved/Cooked/WindowsNoEditor/Engine/Content/EditorMeshes/ColorCalibrator/M_ColorGrid.uasset
  LogSavePackage: Display: Finished SavePackage D:/Unreal Projects/UnrealPakErrorDemoTmp/Plugins/TestModule/Saved/Cooked/WindowsNoEditor/Engine/Content/EditorMeshes/ColorCalibrator/M_ColorGrid.uasset
  LogCook: Display: Cooking /Engine/EditorMeshes/ColorCalibrator/Color_checker -> D:/Unreal Projects/UnrealPakErrorDemoTmp/Plugins/TestModule/Saved/Cooked/WindowsNoEditor/Engine/Content/EditorMeshes/ColorCalibrator/Color_checker.uasset
  LogSavePackage: Display: Finished SavePackage D:/Unreal Projects/UnrealPakErrorDemoTmp/Plugins/TestModule/Saved/Cooked/WindowsNoEditor/Engine/Content/EditorMeshes/ColorCalibrator/Color_checker.uasset
  LogCook: Display: Cooking /Engine/EditorMeshes/ColorCalibrator/M_GreyBall -> D:/Unreal Projects/UnrealPakErrorDemoTmp/Plugins/TestModule/Saved/Cooked/WindowsNoEditor/Engine/Content/EditorMeshes/ColorCalibrator/M_GreyBall.uasset
  LogSavePackage: Display: Finished SavePackage D:/Unreal Projects/UnrealPakErrorDemoTmp/Plugins/TestModule/Saved/Cooked/WindowsNoEditor/Engine/Content/EditorMeshes/ColorCalibrator/M_GreyBall.uasset
  LogCook: Display: Cooking /Engine/Tutorial/Landscape/Landscape_Manage_Mode -> D:/Unreal Projects/UnrealPakErrorDemoTmp/Plugins/TestModule/Saved/Cooked/WindowsNoEditor/Engine/Content/Tutorial/Landscape/Landscape_Manage_Mode.uasset
  LogSavePackage: Display: No exports found (or all exports are editor-only) for Landscape_Manage_Mode. Package will not be saved.
  LogCook: Display: Cooking /Engine/Tutorial/Landscape/Landscape_Sculpt_Mode -> D:/Unreal Projects/UnrealPakErrorDemoTmp/Plugins/TestModule/Saved/Cooked/WindowsNoEditor/Engine/Content/Tutorial/Landscape/Landscape_Sculpt_Mode.uasset
  LogSavePackage: Display: No exports found (or all exports are editor-only) for Landscape_Sculpt_Mode. Package will not be saved.
  LogCook: Display: Cooking /Engine/Tutorial/Landscape/Landscape_Painting_Mode -> D:/Unreal Projects/UnrealPakErrorDemoTmp/Plugins/TestModule/Saved/Cooked/WindowsNoEditor/Engine/Content/Tutorial/Landscape/Landscape_Painting_Mode.uasset
  LogSavePackage: Display: No exports found (or all exports are editor-only) for Landscape_Painting_Mode. Package will not be saved.
  LogCook: Display: Cooking /Engine/Tutorial/SubEditors/PersonaAnimBlueprintEditorWalkthrough -> D:/Unreal Projects/UnrealPakErrorDemoTmp/Plugins/TestModule/Saved/Cooked/WindowsNoEditor/Engine/Content/Tutorial/SubEditors/PersonaAnimBlueprintEditorWalkthrough.uasset
  LogSavePackage: Display: No exports found (or all exports are editor-only) for PersonaAnimBlueprintEditorWalkthrough. Package will not be saved.
  LogCook: Display: Cooking /Engine/Tutorial/BlueprintTutorials/BlueprintMacroLibrariesEditorOverview -> D:/Unreal Projects/UnrealPakErrorDemoTmp/Plugins/TestModule/Saved/Cooked/WindowsNoEditor/Engine/Content/Tutorial/BlueprintTutorials/BlueprintMacroLibrariesEditorOverview.uasset
  LogSavePackage: Display: No exports found (or all exports are editor-only) for BlueprintMacroLibrariesEditorOverview. Package will not be saved.
  LogCook: Display: Cooking /Engine/Tutorial/BlueprintTutorials/TutorialAssets/Tutorial_BP_MacroLib -> D:/Unreal Projects/UnrealPakErrorDemoTmp/Plugins/TestModule/Saved/Cooked/WindowsNoEditor/Engine/Content/Tutorial/BlueprintTutorials/TutorialAssets/Tutorial_BP_MacroLib.uasset
  LogSavePackage: Display: No exports found (or all exports are editor-only) for Tutorial_BP_MacroLib. Package will not be saved.
  LogCook: Display: Cooking /Engine/Tutorial/Paper2D/FlipbookEditorTutorial -> D:/Unreal Projects/UnrealPakErrorDemoTmp/Plugins/TestModule/Saved/Cooked/WindowsNoEditor/Engine/Content/Tutorial/Paper2D/FlipbookEditorTutorial.uasset
  LogSavePackage: Display: No exports found (or all exports are editor-only) for FlipbookEditorTutorial. Package will not be saved.
  LogCook: Display: Cooking /Engine/Tutorial/Landscape/LandscapeWalkThrough -> D:/Unreal Projects/UnrealPakErrorDemoTmp/Plugins/TestModule/Saved/Cooked/WindowsNoEditor/Engine/Content/Tutorial/Landscape/LandscapeWalkThrough.uasset
  LogSavePackage: Display: No exports found (or all exports are editor-only) for LandscapeWalkThrough. Package will not be saved.
  LogCook: Display: Cooking /Engine/Tutorial/SubEditors/ParticleSystemEditorTutorial -> D:/Unreal Projects/UnrealPakErrorDemoTmp/Plugins/TestModule/Saved/Cooked/WindowsNoEditor/Engine/Content/Tutorial/SubEditors/ParticleSystemEditorTutorial.uasset
  LogSavePackage: Display: No exports found (or all exports are editor-only) for ParticleSystemEditorTutorial. Package will not be saved.
  LogCook: Display: Cooking /Engine/Tutorial/BlueprintTutorials/LevelBlueprintEditorOverview -> D:/Unreal Projects/UnrealPakErrorDemoTmp/Plugins/TestModule/Saved/Cooked/WindowsNoEditor/Engine/Content/Tutorial/BlueprintTutorials/LevelBlueprintEditorOverview.uasset
  LogSavePackage: Display: No exports found (or all exports are editor-only) for LevelBlueprintEditorOverview. Package will not be saved.
  LogBlueprintCodeGen: Display: Nativization Summary - AnimBP:
  LogBlueprintCodeGen: Display: Name, Children, Non-empty Functions (Empty Functions), Variables, FunctionUsage, VariableUsage
  LogBlueprintCodeGen: Display: Nativization Summary - Shared Variables From Graph: 0
  LogAssetRegistryGenerator: Display: Saving asset registry.
  LogAssetRegistryGenerator: Display: Generated asset registry num assets 7, size is  3.24kb
  LogAssetRegistryGenerator: Display: Done saving asset registry.
  LogCook: Display: Cook by the book total time in tick 1.156816s total time 6.193402
  LogCook: Display: Peak Used virtual 704 Peak Used phsical 730
  LogCook: Display: Hierarchy Timer Information:
  LogCook: Display:   Root: 0.000000ms
  LogCook: Display:   StartCookByTheBookTime: 4831.898957ms
  LogCook: Display:     GenerateAssetRegistryTime: 4313.969126ms
  LogCook: Display:     CleanSandboxTime: 107.112199ms
  LogCook: Display:       ProcessingAccessedStrings: 15.417241ms
  LogCook: Display:     CollectFilesToCook: 179.524394ms
  LogCook: Display:       CookModificationDelegate: 5.685600ms
  LogCook: Display:       GetObjectsWithOuter: 0.024067ms
  LogCook: Display:       GeneratePackageNames: 5.832199ms
  LogCook: Display:         UnsolicitedPackageAlreadyCooked: 5.516760ms
  LogCook: Display:         PackageCast: 0.001106ms
  LogCook: Display:         FullGCAssetsContains: 0.006165ms
  LogCook: Display:         AddUnassignedPackageToManifest: 0.000000ms
  LogCook: Display:         GetCachedName: 5.732562ms
  LogCook: Display:         AddToPackageList: 4.591949ms
  LogCook: Display:     GenerateLongPackageName: 0.262929ms
  LogCook: Display:   TickCookOnTheSide: 1151.348015ms
  LogCook: Display:     ShouldCook: 0.006182ms
  LogCook: Display:     LoadPackage: 718.297414ms
  LogCook: Display:     CallBeginCacheForCookedPlatformData: 25.171127ms
  LogCook: Display:     PostLoadPackageFixup: 1.404338ms
  LogCook: Display:     UnsolicitedMarkup: 1.274154ms
  LogCook: Display:       GetObjectsWithOuter: 0.180149ms
  LogCook: Display:       GeneratePackageNames: 0.977684ms
  LogCook: Display:         UnsolicitedPackageAlreadyCooked: 0.645470ms
  LogCook: Display:         PackageCast: 0.083445ms
  LogCook: Display:         FullGCAssetsContains: 0.072887ms
  LogCook: Display:         AddUnassignedPackageToManifest: 0.000000ms
  LogCook: Display:         GetCachedName: 0.172159ms
  LogCook: Display:         AddToPackageList: 0.040460ms
  LogCook: Display:     SavingPackages: 404.122619ms
  LogCook: Display:       PrecachePlatformDataForNextPackage: 67.961738ms
  LogCook: Display:       PrecachePlatformDataForNextNextPackage: 103.393637ms
  LogCook: Display:       SaveCookedPackage: 231.777161ms
  LogCook: Display:         LoadPackage: 0.063078ms
  LogCook: Display:         GEditorSavePackage: 216.958344ms
  LogCook: Display:           ConvertingBlueprints: 74.417900ms
  LogCook: Display:       ClearAllCachedCookedPlatformData: 0.152806ms
  LogCook: Display:   GeneratingBlueprintAssets: 71.160277ms
  LogCook: Display:   SavingCurrentIniSettings: 53.103540ms
  LogCook: Display:     ProcessingAccessedStrings: 15.896421ms
  LogCook: Display:   SavingAssetRegistry: 80.009043ms
  LogCook: Display:     RemovingOldManifestEntries: 0.049960ms
  LogCook: Display:     BuildChunkManifest: 28.644988ms
  LogCook: Display:     SaveManifests: 3.299916ms
  LogCook: Display:     SaveRealAssetRegistry: 42.136397ms
  LogCook: Display: IntStats:
  LogCook: Display:   LoadPackage=20
  LogCook: Display:   SavedPackage=31
  LogSavePackage: Display: Took 0.000308s to verify the EDL loading graph.
  LogCookCommandlet: Display: Misc Cook Stats
  LogCookCommandlet: Display: ===============
  LogCookCommandlet: Display: ShaderCompiler
  LogCookCommandlet: Display:     BlockingTimeSec=0.000000
  LogCookCommandlet: Display:     AsyncCompileTimeSec=0.000000
  LogCookCommandlet: Display:     GlobalBeginCompileShaderTimeSec=0.000000
  LogCookCommandlet: Display:     GlobalBeginCompileShaderCalls=0
  LogCookCommandlet: Display:     ProcessAsyncResultsTimeSec=0.000019
  LogCookCommandlet: Display: GlobalShader.Misc
  LogCookCommandlet: Display:     ShadersCompiled=0
  LogCookCommandlet: Display: MeshMaterial.Misc
  LogCookCommandlet: Display:     ShadersCompiled=0
  LogCookCommandlet: Display: MaterialShader.Misc
  LogCookCommandlet: Display:     ShadersCompiled=0
  LogCookCommandlet: Display: Package.Load
  LogCookCommandlet: Display:     NumPackagesLoaded=131
  LogCookCommandlet: Display:     LoadPackageTimeSec=6.632983
  LogCookCommandlet: Display: Package.Save
  LogCookCommandlet: Display:     NumPackagesSaved=31
  LogCookCommandlet: Display:     SavePackageTimeSec=0.129801
  LogCookCommandlet: Display:     TagPackageExportsPresaveTimeSec=0.039305
  LogCookCommandlet: Display:     TagPackageExportsTimeSec=0.002976
  LogCookCommandlet: Display:     ResetLoadersForSaveTimeSec=0.005296
  LogCookCommandlet: Display:     TagPackageExportsGetObjectsWithOuter=0.000158
  LogCookCommandlet: Display:     TagPackageExportsGetObjectsWithMarks=0.000021
  LogCookCommandlet: Display:     SerializeImportsTimeSec=0.000000
  LogCookCommandlet: Display:     SortExportsSeekfreeInnerTimeSec=0.002343
  LogCookCommandlet: Display:     SerializeExportsTimeSec=0.006652
  LogCookCommandlet: Display:     SerializeBulkDataTimeSec=0.002939
  LogCookCommandlet: Display:     AsyncWriteTimeSec=0.000035
  LogCookCommandlet: Display:     MBWritten=5.737847
  LogCookCommandlet: Display:
  LogCookCommandlet: Display: Cook Profile
  LogCookCommandlet: Display: ============
  LogCookCommandlet: Display:  0.CookWallTimeSec=84.895550
  LogCookCommandlet: Display:  0. 0.StartupWallTimeSec=78.497546
  LogCookCommandlet: Display:  0. 1.CookByTheBookTimeSec=6.211563
  LogCookCommandlet: Display:  0. 1. 0.StartCookByTheBookTimeSec=4.843656
  LogCookCommandlet: Display:  0. 1. 0. 0.GameCookModificationDelegateTimeSec=0.005689
  LogCookCommandlet: Display:  0. 1. 1.TickCookOnTheSideTimeSec=1.365764
  LogCookCommandlet: Display:  0. 1. 1. 0.TickCookOnTheSideLoadPackagesTimeSec=0.718684
  LogCookCommandlet: Display:  0. 1. 1. 1.TickCookOnTheSideSaveCookedPackageTimeSec=0.231831
  LogCookCommandlet: Display:  0. 1. 1. 1. 0.TickCookOnTheSideResolveRedirectorsTimeSec=0.000000
  LogCookCommandlet: Display:  0. 1. 1. 2.TickCookOnTheSideBeginPackageCacheForCookedPlatformDataTimeSec=0.196472
  LogCookCommandlet: Display:  0. 1. 1. 3.TickCookOnTheSideFinishPackageCacheForCookedPlatformDataTimeSec=0.000367
  LogCookCommandlet: Display:  0. 1. 2.TickLoopGCTimeSec=0.000000
  LogCookCommandlet: Display:  0. 1. 3.TickLoopRecompileShaderRequestsTimeSec=0.000006
  LogCookCommandlet: Display:  0. 1. 4.TickLoopShaderProcessAsyncResultsTimeSec=0.000002
  LogCookCommandlet: Display:  0. 1. 5.TickLoopProcessDeferredCommandsTimeSec=0.000288
  LogCookCommandlet: Display:  0. 1. 6.TickLoopTickCommandletStatsTimeSec=0.000000
  LogCookCommandlet: Display:
  LogCookCommandlet: Display: DDC Summary Stats
  LogCookCommandlet: Display: =================
  LogCookCommandlet: Display: TotalGetHits  =       186
  LogCookCommandlet: Display: TotalGets     =       186
  LogCookCommandlet: Display: TotalHitPct   =  1.000000
  LogCookCommandlet: Display: LocalHitPct   =  0.000000
  LogCookCommandlet: Display: SharedHitPct  =  0.000000
  LogCookCommandlet: Display: OtherHitPct   =  1.000000
  LogCookCommandlet: Display: MissPct       =  0.000000
  LogCookCommandlet: Display:
  LogCookCommandlet: Display: DDC Resource Stats
  LogCookCommandlet: Display: =======================================================================================================
  LogCookCommandlet: Display: Asset Type                          Total Time (Sec)  GameThread Time (Sec)  Assets Built  MB Processed
  LogCookCommandlet: Display: ----------------------------------  ----------------  ---------------------  ------------  ------------
  LogCookCommandlet: Display: StaticMesh                                      0.95                   0.95             0          9.31
  LogCookCommandlet: Display: PhysX (BodySetup)                               0.24                   0.24             0          4.07
  LogCookCommandlet: Display: MaterialShader                                  0.15                   0.15             0          0.97
  LogCookCommandlet: Display: NavCollision                                    0.09                   0.09             0          0.06
  LogCookCommandlet: Display: Texture (Streaming)                             0.00                   0.00             0          2.63
  LogCookCommandlet: Display: SoundWave                                       0.00                   0.00             0          0.20
  LogCookCommandlet: Display: Texture (Inline)                                0.00                   0.00             0          0.04
  LogCookCommandlet: Display: DistanceField                                   0.00                   0.00             0          0.00
  LogInit: Display:
  LogInit: Display: Success - 0 error(s), 0 warning(s)
  LogInit: Display:

  Execution of commandlet took:  6.52 seconds
  [OVRPlugin][ERROR] ovr_Create(&session, &luid) failed: ovr_Create: No HMD attached.
  [OVRPlugin][INFO] [CAPI] LibOVR module is located at C:\Program Files\Oculus\Support\oculus-runtime\LibOVRRT64_1.dll
Took 94.6105466s to run UE4Editor-Cmd.exe, ExitCode=0
********** COOK COMMAND COMPLETED **********
********** STAGE COMMAND STARTED **********
Creating Staging Manifest...
Cleaning Stage Directory: D:\Unreal Projects\UnrealPakErrorDemoTmp\Plugins\TestModule\Saved\StagedBuilds\WindowsNoEditor
Creating pak using staging manifest.
Running UnrealPak *******
Running: D:\Program Files\Epic Games\UE_4.18\Engine\Binaries\Win64\UnrealPak.exe "D:\Unreal Projects\UnrealPakErrorDemoTmp\Plugins\TestModule\Saved\StagedBuilds\WindowsNoEditor\PakUtilities\Plugins\TestModule\Content\Paks\WindowsNoEditor\TestModule.pak" -create="C:\Users\calem\AppData\Roaming\Unreal Engine\AutomationTool\Logs\D+Program+Files+Epic+Games+UE_4.18\PakList_TestModule.txt" -encryptionini -enginedir="D:\Program Files\Epic Games\UE_4.18\Engine" -projectdir="D:\Unreal Projects\UnrealPakErrorDemoTmp" -platform=Windows -abslog="C:\Users\calem\AppData\Roaming\Unreal Engine\AutomationTool\Logs\D+Program+Files+Epic+Games+UE_4.18\PakLog_TestModule.log" -installed -order="D:\Unreal Projects\UnrealPakErrorDemoTmp\Build\WindowsNoEditor\FileOpenOrder\CookerOpenOrder.log" -UTF8Output -multiprocess -patchpaddingalign=2048
  LogPakFile: Display: Loading response file C:\Users\calem\AppData\Roaming\Unreal Engine\AutomationTool\Logs\D+Program+Files+Epic+Games+UE_4.18\PakList_TestModule.txt
  LogPakFile: Display: Added 18 entries to add to pak file.
  LogPakFile: Display: Loading pak order file D:\Unreal Projects\UnrealPakErrorDemoTmp\Build\WindowsNoEditor\FileOpenOrder\CookerOpenOrder.log...
  LogPakFile: Display: Finished loading pak order file D:\Unreal Projects\UnrealPakErrorDemoTmp\Build\WindowsNoEditor\FileOpenOrder\CookerOpenOrder.log.
  LogPakFile: Display: Collecting files to add to pak file...
  LogPakFile: Display: Collected 18 files in 0.00s.
  LogPakFile: Display: Added 18 files, 1813767 bytes total, time 0.19s.
  LogPakFile: Display: Compression summary: 27.38% of original size. Compressed Size 1796646 bytes, Original Size 6562843 bytes.
  LogPakFile: Display: Unreal pak executed in 0.200673 seconds
Took 1.3325437s to run UnrealPak.exe, ExitCode=0
UnrealPak Done *******
Copying NonUFSFiles to staging directory: D:\Unreal Projects\UnrealPakErrorDemoTmp\Plugins\TestModule\Saved\StagedBuilds\WindowsNoEditor
Copying DebugFiles to staging directory: D:\Unreal Projects\UnrealPakErrorDemoTmp\Plugins\TestModule\Saved\StagedBuilds\WindowsNoEditor
********** STAGE COMMAND COMPLETED **********
********** PACKAGE COMMAND STARTED **********
ERROR: System.Exception: Couldn't update resource
          at ModuleResourceUpdate.SetData(Int32 ResourceId, ResourceType Type, Byte[] Data)
          at ModuleResourceUpdate.SetIcons(Int32 ResourceId, GroupIconResource GroupIcon)
          at UnrealBuildTool.BaseWindowsDeploy.PrepForUATPackageOrDeploy(FileReference ProjectFile, String ProjectName, String ProjectDirectory, List`1 TargetConfigurations, List`1 ExecutablePaths, String EngineDirectory)
          at UnrealBuildTool.WindowsExports.PrepForUATPackageOrDeploy(FileReference ProjectFile, String ProjectName, DirectoryReference ProjectDirectory, List`1 InTargetConfigurations, List`1 InExecutablePaths, DirectoryReference EngineDirectory)
          at BaseWinPlatform.Package(ProjectParams Params, DeploymentContext SC, Int32 WorkingCL)
          at Project.Package(ProjectParams Params, Int32 WorkingCL)
          at BuildCookRun.DoBuildCookRun(ProjectParams Params)
          at BuildCookRun.ExecuteBuild()
          at AutomationTool.BuildCommand.Execute()
          at AutomationTool.Automation.Execute(List`1 CommandsToExecute, Dictionary`2 Commands)
          at AutomationTool.Automation.Process(String[] Arguments)
          at AutomationTool.Program.MainProc(Object Param)
          at AutomationTool.InternalUtils.RunSingleInstance(Func`2 Main, Object Param)
          at AutomationTool.Program.Main()
       (see C:\Users\calem\AppData\Roaming\Unreal Engine\AutomationTool\Logs\D+Program+Files+Epic+Games+UE_4.18\UAT_Log.txt for full exception trace)
AutomationTool exiting with ExitCode=1 (Error_Unknown)
BUILD FAILED

